{"level":"info","message":"Connect successfully!!!"}
{"level":"info","message":"Server is listening on port 5000"}
{"level":"error","message":"Connect failure!!!"}
{"level":"info","message":"Connect successfully!!!"}
{"level":"info","message":"Server is listening on port 5000"}
{"level":"info","message":"Connect successfully!!!"}
{"level":"info","message":"Server is listening on port 5000"}
2023-06-03T02:04:52.308Z [right meow!] info: Connect successfully!!!
2023-06-03T02:04:52.345Z [right meow!] info: Server is listening on port 5000
2023-06-03T02:05:26.400Z [INFO] info: Connect successfully!!!
2023-06-03T02:05:26.437Z [INFO] info: Server is listening on port 5000
2023-06-03T02:07:24.671Z [INFO] info: Connect successfully!!!
2023-06-03T02:07:24.684Z [INFO] info: Server is listening on port 5000
{
  message: 'Connect successfully!!!',
  level: 'info',
  label: 'INFO',
  timestamp: '2023-06-03T02:07:36.452Z'
}
{
  message: 'Server is listening on port 5000',
  level: 'info',
  label: 'INFO',
  timestamp: '2023-06-03T02:07:36.485Z'
}
{
  message: 'Connect successfully!!!',
  level: 'info',
  label: 'INFO',
  timestamp: '2023-06-03T02:08:12.402Z'
}
{
  message: 'Server is listening on port 5000',
  level: 'info',
  label: 'INFO',
  timestamp: '2023-06-03T02:08:12.632Z'
}
{
  message: 'Connect successfully!!!',
  level: 'info',
  label: 'INFO',
  timestamp: '2023-06-03T02:08:22.814Z'
}
{
  message: 'Server is listening on port 5000',
  level: 'info',
  label: 'INFO',
  timestamp: '2023-06-03T02:08:22.849Z'
}
{
  message: 'Connect successfully!!!',
  level: 'info',
  label: 'INFO',
  timestamp: '2023-06-03T02:08:27.337Z'
}
{
  message: 'Server is listening on port 5000',
  level: 'info',
  label: 'INFO',
  timestamp: '2023-06-03T02:08:27.455Z'
}
2023-06-03T02:09:01.846Z [INFO] info: Connect successfully!!! : 6/3/2023
2023-06-03T02:09:01.928Z [INFO] info: Server is listening on port 5000 : 6/3/2023
2023-06-03T02:09:40.959Z [INFO] info: Connect successfully!!! : undefined
2023-06-03T02:09:40.969Z [INFO] info: Server is listening on port 5000 : undefined
2023-06-03T02:09:48.034Z [INFO] info: Connect successfully!!! : Sat Jun 03 2023
2023-06-03T02:09:48.085Z [INFO] info: Server is listening on port 5000 : Sat Jun 03 2023
2023-06-03T03:34:18.977Z [INFO] info: Connect successfully!!! : Sat Jun 03 2023
2023-06-03T03:34:18.987Z [INFO] info: Server is listening on port 5000 : Sat Jun 03 2023
2023-06-03T03:36:14.597Z [INFO] error: Connect failure!!! : Sat Jun 03 2023
2023-06-03T03:36:20.570Z [INFO] info: Connect successfully!!! : Sat Jun 03 2023
2023-06-03T03:36:20.590Z [INFO] info: Server is listening on port 5000 : Sat Jun 03 2023
2023-06-03T03:37:54.181Z [INFO] info: Connect successfully!!! : Sat Jun 03 2023
2023-06-03T03:37:54.197Z [INFO] info: Server is listening on port 5000 : Sat Jun 03 2023
2023-06-03T03:38:01.926Z [INFO] info: Connect successfully!!! : Sat Jun 03 2023
2023-06-03T03:38:01.933Z [INFO] info: Server is listening on port 5000 : Sat Jun 03 2023
2023-06-04T02:36:00.290Z [INFO] info: Connect successfully!!! : Sun Jun 04 2023
2023-06-04T02:36:00.338Z [INFO] info: Server is listening on port 5000 : Sun Jun 04 2023
2023-06-04T02:36:29.886Z [INFO] info: Connect successfully!!! : Sun Jun 04 2023
2023-06-04T02:36:29.943Z [INFO] info: Server is listening on port 5000 : Sun Jun 04 2023
2023-06-04T02:37:02.236Z [INFO] info: Connect successfully!!! : Sun Jun 04 2023
2023-06-04T02:37:02.243Z [INFO] info: Server is listening on port 5000 : Sun Jun 04 2023
2023-06-04T02:37:05.811Z [INFO] info: Connect successfully!!! : Sun Jun 04 2023
2023-06-04T02:37:05.819Z [INFO] info: Server is listening on port 5000 : Sun Jun 04 2023
2023-06-04T02:46:49.712Z [INFO] info: Connect successfully!!! : Sun Jun 04 2023
2023-06-04T02:46:49.755Z [INFO] info: Server is listening on port 5000 : Sun Jun 04 2023
2023-06-04T02:47:05.999Z [INFO] info: Connect successfully!!! : Sun Jun 04 2023
2023-06-04T02:47:06.037Z [INFO] info: Server is listening on port 5000 : Sun Jun 04 2023
2023-06-04T02:47:12.869Z [INFO] info: Connect successfully!!! : Sun Jun 04 2023
2023-06-04T02:47:12.900Z [INFO] info: Server is listening on port 5000 : Sun Jun 04 2023
2023-06-04T02:47:17.046Z [INFO] info: Connect successfully!!! : Sun Jun 04 2023
2023-06-04T02:47:17.068Z [INFO] info: Server is listening on port 5000 : Sun Jun 04 2023
2023-06-04T02:48:25.628Z [INFO] info: Connect successfully!!! : Sun Jun 04 2023
2023-06-04T02:48:25.637Z [INFO] info: Server is listening on port 5000 : Sun Jun 04 2023
2023-06-04T02:48:30.776Z [INFO] info: Connect successfully!!! : Sun Jun 04 2023
2023-06-04T02:48:30.800Z [INFO] info: Server is listening on port 5000 : Sun Jun 04 2023
2023-06-04T02:48:55.261Z [INFO] info: Connect successfully!!! : Sun Jun 04 2023
2023-06-04T02:48:55.273Z [INFO] info: Server is listening on port 5000 : Sun Jun 04 2023
2023-06-04T02:55:37.172Z [INFO] info: Connect successfully!!! : Sun Jun 04 2023
2023-06-04T02:55:37.180Z [INFO] info: Server is listening on port 5000 : Sun Jun 04 2023
2023-06-04T02:55:40.853Z [INFO] info: Connect successfully!!! : Sun Jun 04 2023
2023-06-04T02:55:40.866Z [INFO] info: Server is listening on port 5000 : Sun Jun 04 2023
2023-06-04T02:58:40.994Z [INFO] info: Connect successfully!!! : Sun Jun 04 2023
2023-06-04T02:58:41.025Z [INFO] info: Server is listening on port 5000 : Sun Jun 04 2023
2023-06-04T02:58:59.014Z [INFO] info: Connect successfully!!! : Sun Jun 04 2023
2023-06-04T02:58:59.069Z [INFO] info: Server is listening on port 5000 : Sun Jun 04 2023
2023-06-04T02:59:02.270Z [INFO] info: Connect successfully!!! : Sun Jun 04 2023
2023-06-04T02:59:02.284Z [INFO] info: Server is listening on port 5000 : Sun Jun 04 2023
2023-06-04T02:59:12.010Z [INFO] info: Connect successfully!!! : Sun Jun 04 2023
2023-06-04T02:59:12.046Z [INFO] info: Server is listening on port 5000 : Sun Jun 04 2023
2023-06-04T02:59:15.914Z [INFO] info: Connect successfully!!! : Sun Jun 04 2023
2023-06-04T02:59:15.971Z [INFO] info: Server is listening on port 5000 : Sun Jun 04 2023
2023-06-04T02:59:19.390Z [INFO] info: Connect successfully!!! : Sun Jun 04 2023
2023-06-04T02:59:19.434Z [INFO] info: Server is listening on port 5000 : Sun Jun 04 2023
2023-06-04T03:01:44.171Z [INFO] info: Connect successfully!!! : Sun Jun 04 2023
2023-06-04T03:01:44.188Z [INFO] info: Server is listening on port 5000 : Sun Jun 04 2023
2023-06-04T03:01:53.499Z [INFO] info: Connect successfully!!! : Sun Jun 04 2023
2023-06-04T03:01:53.526Z [INFO] info: Server is listening on port 5000 : Sun Jun 04 2023
2023-06-04T03:02:04.564Z [INFO] info: Connect successfully!!! : Sun Jun 04 2023
2023-06-04T03:02:04.612Z [INFO] info: Server is listening on port 5000 : Sun Jun 04 2023
2023-06-04T03:04:11.341Z [INFO] info: Connect successfully!!! : Sun Jun 04 2023
2023-06-04T03:04:11.372Z [INFO] info: Server is listening on port 5000 : Sun Jun 04 2023
2023-06-04T03:05:06.112Z [INFO] info: Connect successfully!!! : Sun Jun 04 2023
2023-06-04T03:05:06.143Z [INFO] info: Server is listening on port 5000 : Sun Jun 04 2023
2023-06-04T04:15:48.936Z [INFO] info: Connect successfully!!! : Sun Jun 04 2023
2023-06-04T04:15:48.959Z [INFO] info: Server is listening on port 5000 : Sun Jun 04 2023
2023-06-04T04:17:26.572Z [INFO] info: Connect successfully!!! : Sun Jun 04 2023
2023-06-04T04:17:26.583Z [INFO] info: Server is listening on port 5000 : Sun Jun 04 2023
2023-06-04T04:18:57.863Z [INFO] info: Connect successfully!!! : Sun Jun 04 2023
2023-06-04T04:18:57.871Z [INFO] info: Server is listening on port 5000 : Sun Jun 04 2023
2023-06-04T04:19:01.647Z [INFO] info: Connect successfully!!! : Sun Jun 04 2023
2023-06-04T04:19:01.664Z [INFO] info: Server is listening on port 5000 : Sun Jun 04 2023
2023-06-04T04:23:59.643Z [INFO] info: Connect successfully!!! : Sun Jun 04 2023
2023-06-04T04:23:59.681Z [INFO] info: Server is listening on port 5000 : Sun Jun 04 2023
2023-06-04T04:24:09.455Z [INFO] info: Connect successfully!!! : Sun Jun 04 2023
2023-06-04T04:24:09.466Z [INFO] info: Server is listening on port 5000 : Sun Jun 04 2023
2023-06-04T04:24:17.452Z [INFO] info: Connect successfully!!! : Sun Jun 04 2023
2023-06-04T04:24:17.481Z [INFO] info: Server is listening on port 5000 : Sun Jun 04 2023
2023-06-04T04:24:32.556Z [INFO] info: Connect successfully!!! : Sun Jun 04 2023
2023-06-04T04:24:32.569Z [INFO] info: Server is listening on port 5000 : Sun Jun 04 2023
2023-06-04T04:25:03.844Z [INFO] info: Connect successfully!!! : Sun Jun 04 2023
2023-06-04T04:25:03.876Z [INFO] info: Server is listening on port 5000 : Sun Jun 04 2023
2023-06-04T04:25:13.155Z [INFO] info: Connect successfully!!! : Sun Jun 04 2023
2023-06-04T04:25:13.190Z [INFO] info: Server is listening on port 5000 : Sun Jun 04 2023
2023-06-04T04:25:20.114Z [INFO] info: Connect successfully!!! : Sun Jun 04 2023
2023-06-04T04:25:20.132Z [INFO] info: Server is listening on port 5000 : Sun Jun 04 2023
2023-06-04T04:25:27.864Z [INFO] info: Connect successfully!!! : Sun Jun 04 2023
2023-06-04T04:25:27.892Z [INFO] info: Server is listening on port 5000 : Sun Jun 04 2023
2023-06-04T04:26:25.857Z [INFO] info: Connect successfully!!! : Sun Jun 04 2023
2023-06-04T04:26:25.873Z [INFO] info: Server is listening on port 5000 : Sun Jun 04 2023
2023-06-04T06:15:30.324Z [INFO] info: Connect successfully!!! : Sun Jun 04 2023
2023-06-04T06:15:30.336Z [INFO] info: Server is listening on port 5000 : Sun Jun 04 2023
2023-06-04T06:18:46.394Z [INFO] info: Connect successfully!!! : Sun Jun 04 2023
2023-06-04T06:18:46.401Z [INFO] info: Server is listening on port 5000 : Sun Jun 04 2023
2023-06-04T06:21:41.104Z [INFO] info: Connect successfully!!! : Sun Jun 04 2023
2023-06-04T06:21:41.132Z [INFO] info: Server is listening on port 5000 : Sun Jun 04 2023
2023-06-04T06:22:21.670Z [INFO] info: Connect successfully!!! : Sun Jun 04 2023
2023-06-04T06:22:21.686Z [INFO] info: Server is listening on port 5000 : Sun Jun 04 2023
2023-06-04T06:22:33.612Z [INFO] info: Connect successfully!!! : Sun Jun 04 2023
2023-06-04T06:22:33.625Z [INFO] info: Server is listening on port 5000 : Sun Jun 04 2023
2023-06-04T06:23:37.485Z [INFO] info: Connect successfully!!! : Sun Jun 04 2023
2023-06-04T06:23:37.498Z [INFO] info: Server is listening on port 5000 : Sun Jun 04 2023
2023-06-04T06:23:46.189Z [INFO] info: Connect successfully!!! : Sun Jun 04 2023
2023-06-04T06:23:46.205Z [INFO] info: Server is listening on port 5000 : Sun Jun 04 2023
2023-06-04T06:23:57.587Z [INFO] info: Connect successfully!!! : Sun Jun 04 2023
2023-06-04T06:23:57.598Z [INFO] info: Server is listening on port 5000 : Sun Jun 04 2023
2023-06-04T09:18:10.022Z [INFO] info: Connect successfully!!! : Sun Jun 04 2023
2023-06-04T09:18:10.060Z [INFO] info: Server is listening on port 5000 : Sun Jun 04 2023
2023-06-04T09:18:17.703Z [INFO] info: Connect successfully!!! : Sun Jun 04 2023
2023-06-04T09:18:17.748Z [INFO] info: Server is listening on port 5000 : Sun Jun 04 2023
2023-06-04T09:18:30.175Z [INFO] info: Connect successfully!!! : Sun Jun 04 2023
2023-06-04T09:18:30.219Z [INFO] info: Server is listening on port 5000 : Sun Jun 04 2023
2023-06-04T09:18:47.885Z [INFO] info: Connect successfully!!! : Sun Jun 04 2023
2023-06-04T09:18:47.932Z [INFO] info: Server is listening on port 5000 : Sun Jun 04 2023
2023-06-04T09:19:28.845Z [INFO] info: Connect successfully!!! : Sun Jun 04 2023
2023-06-04T09:19:28.864Z [INFO] info: Server is listening on port 5000 : Sun Jun 04 2023
2023-06-04T09:19:35.917Z [INFO] info: Connect successfully!!! : Sun Jun 04 2023
2023-06-04T09:19:35.933Z [INFO] info: Server is listening on port 5000 : Sun Jun 04 2023
2023-06-04T09:19:40.612Z [INFO] info: Connect successfully!!! : Sun Jun 04 2023
2023-06-04T09:19:40.631Z [INFO] info: Server is listening on port 5000 : Sun Jun 04 2023
2023-06-04T09:19:53.958Z [INFO] info: Connect successfully!!! : Sun Jun 04 2023
2023-06-04T09:19:53.983Z [INFO] info: Server is listening on port 5000 : Sun Jun 04 2023
2023-06-04T09:22:42.691Z [INFO] info: Connect successfully!!! : Sun Jun 04 2023
2023-06-04T09:22:42.710Z [INFO] info: Server is listening on port 5000 : Sun Jun 04 2023
2023-06-04T09:22:55.518Z [INFO] info: Connect successfully!!! : Sun Jun 04 2023
2023-06-04T09:22:55.552Z [INFO] info: Server is listening on port 5000 : Sun Jun 04 2023
2023-06-04T09:24:49.775Z [INFO] info: Connect successfully!!! : Sun Jun 04 2023
2023-06-04T09:24:49.816Z [INFO] info: Server is listening on port 5000 : Sun Jun 04 2023
2023-06-04T10:25:27.109Z [INFO] info: Connect successfully!!! : Sun Jun 04 2023
2023-06-04T10:25:27.131Z [INFO] info: Server is listening on port 5000 : Sun Jun 04 2023
2023-06-04T10:25:33.052Z [INFO] info: Connect successfully!!! : Sun Jun 04 2023
2023-06-04T10:25:33.091Z [INFO] info: Server is listening on port 5000 : Sun Jun 04 2023
2023-06-04T10:29:42.710Z [INFO] info: Connect successfully!!! : Sun Jun 04 2023
2023-06-04T10:29:42.730Z [INFO] info: Server is listening on port 5000 : Sun Jun 04 2023
2023-06-04T10:40:06.117Z [INFO] info: Connect successfully!!! : Sun Jun 04 2023
2023-06-04T10:40:06.131Z [INFO] info: Server is listening on port 5000 : Sun Jun 04 2023
2023-06-04T10:40:15.650Z [INFO] info: Connect successfully!!! : Sun Jun 04 2023
2023-06-04T10:40:15.689Z [INFO] info: Server is listening on port 5000 : Sun Jun 04 2023
2023-06-04T10:40:33.977Z [INFO] info: Connect successfully!!! : Sun Jun 04 2023
2023-06-04T10:40:34.006Z [INFO] info: Server is listening on port 5000 : Sun Jun 04 2023
2023-06-04T15:04:40.576Z [INFO] info: Connect successfully!!! : Sun Jun 04 2023
2023-06-04T15:04:42.637Z [INFO] info: Connect successfully!!! : Sun Jun 04 2023
2023-06-04T15:04:42.648Z [INFO] info: Server is listening on port 5000 : Sun Jun 04 2023
2023-06-04T15:04:46.480Z [INFO] info: Connect successfully!!! : Sun Jun 04 2023
2023-06-04T15:04:46.492Z [INFO] info: Server is listening on port 5000 : Sun Jun 04 2023
2023-06-04T15:06:03.064Z [INFO] info: Connect successfully!!! : Sun Jun 04 2023
2023-06-04T15:06:03.077Z [INFO] info: Server is listening on port 5000 : Sun Jun 04 2023
2023-06-04T15:06:05.695Z [INFO] info: Connect successfully!!! : Sun Jun 04 2023
2023-06-04T15:06:05.707Z [INFO] info: Server is listening on port 5000 : Sun Jun 04 2023
2023-06-04T15:06:09.533Z [INFO] info: Connect successfully!!! : Sun Jun 04 2023
2023-06-04T15:06:09.545Z [INFO] info: Server is listening on port 5000 : Sun Jun 04 2023
2023-06-04T15:06:15.506Z [INFO] info: Connect successfully!!! : Sun Jun 04 2023
2023-06-04T15:06:15.523Z [INFO] info: Server is listening on port 5000 : Sun Jun 04 2023
2023-06-04T15:06:18.493Z [INFO] info: Connect successfully!!! : Sun Jun 04 2023
2023-06-04T15:06:18.504Z [INFO] info: Server is listening on port 5000 : Sun Jun 04 2023
2023-06-04T15:06:24.687Z [INFO] info: Connect successfully!!! : Sun Jun 04 2023
2023-06-04T15:06:24.696Z [INFO] info: Server is listening on port 5000 : Sun Jun 04 2023
2023-06-04T15:06:35.968Z [INFO] info: Connect successfully!!! : Sun Jun 04 2023
2023-06-04T15:06:35.976Z [INFO] info: Server is listening on port 5000 : Sun Jun 04 2023
2023-06-04T15:06:42.479Z [INFO] info: Connect successfully!!! : Sun Jun 04 2023
2023-06-04T15:06:42.496Z [INFO] info: Server is listening on port 5000 : Sun Jun 04 2023
2023-06-04T15:06:46.185Z [INFO] info: Connect successfully!!! : Sun Jun 04 2023
2023-06-04T15:06:46.196Z [INFO] info: Server is listening on port 5000 : Sun Jun 04 2023
2023-06-04T15:06:48.526Z [INFO] info: Connect successfully!!! : Sun Jun 04 2023
2023-06-04T15:06:48.538Z [INFO] info: Server is listening on port 5000 : Sun Jun 04 2023
2023-06-04T15:06:52.292Z [INFO] info: Connect successfully!!! : Sun Jun 04 2023
2023-06-04T15:06:52.304Z [INFO] info: Server is listening on port 5000 : Sun Jun 04 2023
2023-06-04T17:16:01.551Z [INFO] info: Connect successfully!!! : Sun Jun 04 2023
2023-06-04T17:16:01.563Z [INFO] info: Server is listening on port 5000 : Sun Jun 04 2023
2023-06-04T17:16:05.050Z [INFO] info: Connect successfully!!! : Sun Jun 04 2023
2023-06-04T17:16:05.063Z [INFO] info: Server is listening on port 5000 : Sun Jun 04 2023
2023-06-04T17:16:09.857Z [INFO] info: Connect successfully!!! : Sun Jun 04 2023
2023-06-04T17:16:09.868Z [INFO] info: Server is listening on port 5000 : Sun Jun 04 2023
2023-06-04T17:16:15.131Z [INFO] info: Connect successfully!!! : Sun Jun 04 2023
2023-06-04T17:16:15.142Z [INFO] info: Server is listening on port 5000 : Sun Jun 04 2023
2023-06-04T17:16:19.205Z [INFO] info: Connect successfully!!! : Sun Jun 04 2023
2023-06-04T17:16:19.217Z [INFO] info: Server is listening on port 5000 : Sun Jun 04 2023
2023-06-04T17:16:24.390Z [INFO] info: Connect successfully!!! : Sun Jun 04 2023
2023-06-04T17:16:24.403Z [INFO] info: Server is listening on port 5000 : Sun Jun 04 2023
2023-06-04T17:16:29.860Z [INFO] info: Connect successfully!!! : Sun Jun 04 2023
2023-06-04T17:16:29.871Z [INFO] info: Server is listening on port 5000 : Sun Jun 04 2023
2023-06-04T17:16:54.079Z [INFO] info: Connect successfully!!! : Sun Jun 04 2023
2023-06-04T17:16:54.094Z [INFO] info: Server is listening on port 5000 : Sun Jun 04 2023
2023-06-04T17:17:04.118Z [INFO] info: Connect successfully!!! : Sun Jun 04 2023
2023-06-04T17:17:04.133Z [INFO] info: Server is listening on port 5000 : Sun Jun 04 2023
2023-06-04T17:17:06.998Z [INFO] info: Connect successfully!!! : Sun Jun 04 2023
2023-06-04T17:17:07.005Z [INFO] info: Server is listening on port 5000 : Sun Jun 04 2023
2023-06-04T17:17:13.829Z [INFO] info: Connect successfully!!! : Sun Jun 04 2023
2023-06-04T17:17:13.839Z [INFO] info: Server is listening on port 5000 : Sun Jun 04 2023
2023-06-04T17:17:20.284Z [INFO] info: Connect successfully!!! : Sun Jun 04 2023
2023-06-04T17:17:20.297Z [INFO] info: Server is listening on port 5000 : Sun Jun 04 2023
2023-06-04T17:17:24.463Z [INFO] info: Connect successfully!!! : Sun Jun 04 2023
2023-06-04T17:17:24.475Z [INFO] info: Server is listening on port 5000 : Sun Jun 04 2023
2023-06-04T17:17:29.196Z [INFO] info: Connect successfully!!! : Sun Jun 04 2023
2023-06-04T17:17:29.204Z [INFO] info: Server is listening on port 5000 : Sun Jun 04 2023
2023-06-04T17:17:48.434Z [INFO] info: Connect successfully!!! : Sun Jun 04 2023
2023-06-04T17:17:48.448Z [INFO] info: Server is listening on port 5000 : Sun Jun 04 2023
2023-06-04T17:18:06.233Z [INFO] info: Connect successfully!!! : Sun Jun 04 2023
2023-06-04T17:18:06.244Z [INFO] info: Server is listening on port 5000 : Sun Jun 04 2023
2023-06-04T17:18:14.850Z [INFO] info: Connect successfully!!! : Sun Jun 04 2023
2023-06-04T17:18:14.862Z [INFO] info: Server is listening on port 5000 : Sun Jun 04 2023
2023-06-04T17:18:22.334Z [INFO] info: Connect successfully!!! : Sun Jun 04 2023
2023-06-04T17:18:22.344Z [INFO] info: Server is listening on port 5000 : Sun Jun 04 2023
2023-06-04T17:19:09.281Z [INFO] info: Connect successfully!!! : Sun Jun 04 2023
2023-06-04T17:19:09.291Z [INFO] info: Server is listening on port 5000 : Sun Jun 04 2023
